<?xml version="1.0" encoding="UTF-8"?>
<!-- Generated by org.testng.reporters.JUnitReportReporter -->
<testsuite hostname="LAPTOP-KQ9V90K9" failures="0" tests="1" name="tutorialsNinja.register.TC_RF_007" time="12.142" errors="0" timestamp="2025-07-12T00:29:31 IST" skipped="0">
  <testcase classname="tutorialsNinja.register.TC_RF_007" name="verifyRegisterWithAllFields" time="12.142"/>
  <system-out/>
</testsuite> <!-- tutorialsNinja.register.TC_RF_007 -->
