<?xml version="1.0" encoding="UTF-8"?>
<!-- Generated by org.testng.reporters.JUnitReportReporter -->
<testsuite hostname="LAPTOP-KQ9V90K9" failures="0" tests="1" name="tutorialsNinja.register.TC_RF_004" time="5.835" errors="0" timestamp="2025-07-11T23:46:27 IST" skipped="0">
  <testcase classname="tutorialsNinja.register.TC_RF_004" name="verifyRegisterWithAllFields" time="5.835"/>
  <system-out/>
</testsuite> <!-- tutorialsNinja.register.TC_RF_004 -->
