<?xml version="1.0" encoding="UTF-8"?>
<!-- Generated by org.testng.reporters.JUnitReportReporter -->
<testsuite hostname="LAPTOP-KQ9V90K9" failures="0" tests="1" name="tutorialsNinja.register.TC_RF_014" time="4.207" errors="0" timestamp="2025-07-12T23:10:39 IST" skipped="0">
  <testcase classname="tutorialsNinja.register.TC_RF_014" name="verifyHeightWidthOfTextFields" time="4.207"/>
  <system-out/>
</testsuite> <!-- tutorialsNinja.register.TC_RF_014 -->
