<?xml version="1.0" encoding="UTF-8"?>
<!-- Generated by org.testng.reporters.JUnitReportReporter -->
<testsuite hostname="LAPTOP-KQ9V90K9" failures="0" tests="1" name="tutorialsNinja.register.TC_RF_018" time="4.391" errors="0" timestamp="2025-07-13T00:19:22 IST" skipped="0">
  <testcase classname="tutorialsNinja.register.TC_RF_018" name="verifyRegisterWithMandatoryFields" time="4.391"/>
  <system-out/>
</testsuite> <!-- tutorialsNinja.register.TC_RF_018 -->
