<?xml version="1.0" encoding="UTF-8"?>
<!-- Generated by org.testng.reporters.JUnitReportReporter -->
<testsuite hostname="LAPTOP-KQ9V90K9" failures="0" tests="1" name="tutorialsNinja.register.TC_RF_001" time="9.118" errors="0" timestamp="2025-07-11T19:22:32 IST" skipped="0">
  <testcase classname="tutorialsNinja.register.TC_RF_001" name="verifyRegisterWithMandatoryFields" time="9.118"/>
  <system-out/>
</testsuite> <!-- tutorialsNinja.register.TC_RF_001 -->
