<?xml version="1.0" encoding="UTF-8"?>
<!-- Generated by org.testng.reporters.JUnitReportReporter -->
<testsuite hostname="LAPTOP-KQ9V90K9" failures="0" tests="3" name="tutorialsNinja.register.TC_RF_019" time="24.358" errors="0" timestamp="2025-07-13T00:50:52 IST" skipped="0">
  <testcase classname="tutorialsNinja.register.TC_RF_019" name="VerifyRegisteringAccountInDiffereTestEnvironment" time="5.576"/>
  <system-out/>
  <testcase classname="tutorialsNinja.register.TC_RF_019" name="VerifyRegisteringAccountInDiffereTestEnvironment" time="10.207"/>
  <system-out/>
  <testcase classname="tutorialsNinja.register.TC_RF_019" name="VerifyRegisteringAccountInDiffereTestEnvironment" time="8.575"/>
  <system-out/>
</testsuite> <!-- tutorialsNinja.register.TC_RF_019 -->
