<?xml version="1.0" encoding="UTF-8"?>
<!-- Generated by org.testng.reporters.JUnitReportReporter -->
<testsuite hostname="LAPTOP-KQ9V90K9" failures="0" tests="1" name="tutorialsNinja.register.TC_RF_012" time="3.973" errors="0" timestamp="2025-07-12T18:30:47 IST" skipped="0">
  <testcase classname="tutorialsNinja.register.TC_RF_012" name="VerifyPlaceHolderTextAttribute" time="3.973"/>
  <system-out/>
</testsuite> <!-- tutorialsNinja.register.TC_RF_012 -->
